19:29:05 INFO  : Launching XSCT server: xsct.bat -n  -interactive C:\Users\eidos\Vitis\workspace\temp_xsdb_launch_script.tcl
19:29:05 INFO  : Registering command handlers for Vitis TCF services
19:29:11 INFO  : XSCT server has started successfully.
19:29:12 INFO  : Platform repository initialization has completed.
19:29:16 INFO  : Successfully done setting XSCT server connection channel  
19:29:16 INFO  : plnx-install-location is set to ''
19:29:16 INFO  : Successfully done query RDI_DATADIR 
19:29:16 INFO  : Successfully done setting workspace for the tool. 
11:06:11 INFO  : Launching XSCT server: xsct.bat -n  -interactive C:\Users\eidos\Vitis\workspace\temp_xsdb_launch_script.tcl
11:06:12 INFO  : Registering command handlers for Vitis TCF services
11:06:17 INFO  : XSCT server has started successfully.
11:06:18 INFO  : Platform repository initialization has completed.
11:06:22 INFO  : plnx-install-location is set to ''
11:06:22 INFO  : Successfully done setting XSCT server connection channel  
11:06:22 INFO  : Successfully done query RDI_DATADIR 
11:06:22 INFO  : Successfully done setting workspace for the tool. 
11:42:17 INFO  : Launching XSCT server: xsct.bat -n  -interactive C:\Users\eidos\Vitis\workspace\temp_xsdb_launch_script.tcl
11:42:18 INFO  : Registering command handlers for Vitis TCF services
11:42:21 INFO  : XSCT server has started successfully.
11:42:22 INFO  : Successfully done setting XSCT server connection channel  
11:42:22 INFO  : plnx-install-location is set to ''
11:42:22 INFO  : Successfully done query RDI_DATADIR 
11:42:22 INFO  : Successfully done setting workspace for the tool. 
11:42:23 INFO  : Platform repository initialization has completed.
12:06:12 INFO  : Launching XSCT server: xsct.bat -n  -interactive C:\Users\eidos\Vitis\workspace\temp_xsdb_launch_script.tcl
12:06:13 INFO  : Registering command handlers for Vitis TCF services
12:06:17 INFO  : XSCT server has started successfully.
12:06:17 INFO  : plnx-install-location is set to ''
12:06:17 INFO  : Successfully done setting XSCT server connection channel  
12:06:17 INFO  : Successfully done query RDI_DATADIR 
12:06:17 INFO  : Successfully done setting workspace for the tool. 
12:06:18 INFO  : Platform repository initialization has completed.
12:07:31 INFO  : Result from executing command 'getProjects': hw_platform
12:07:31 INFO  : Result from executing command 'getPlatforms': 
12:08:40 INFO  : No changes in MSS file content so sources will not be generated.
12:09:20 INFO  : Result from executing command 'getProjects': hw_platform
12:09:20 INFO  : Result from executing command 'getPlatforms': hw_platform|C:/Users/eidos/Vitis/workspace/hw_platform/export/hw_platform/hw_platform.xpfm
12:13:07 INFO  : Checking for BSP changes to sync application flags for project 'Hello_World_ArtyZ7'...
12:14:33 INFO  : Connected to target on host '127.0.0.1' and port '3121'.
12:14:33 INFO  : Jtag cable 'Digilent Arty Z7 003017A6FF0BA' is selected.
12:14:33 INFO  : 'jtag frequency' command is executed.
12:14:33 INFO  : Context for 'APU' is selected.
12:14:34 INFO  : System reset is completed.
12:14:37 INFO  : 'after 3000' command is executed.
12:14:37 INFO  : Context for 'APU' is selected.
12:14:37 INFO  : Hardware design and registers information is loaded from 'C:/Users/eidos/Vitis/workspace/hw_platform/export/hw_platform/hw/design_1_wrapper.xsa'.
12:14:37 INFO  : 'configparams force-mem-access 1' command is executed.
12:14:37 INFO  : Context for 'APU' is selected.
12:14:37 INFO  : Sourcing of 'C:/Users/eidos/Vitis/workspace/Hello_World_ArtyZ7/_ide/psinit/ps7_init.tcl' is done.
12:14:37 INFO  : 'ps7_init' command is executed.
12:14:37 INFO  : 'ps7_post_config' command is executed.
12:14:37 INFO  : Context for processor 'ps7_cortexa9_0' is selected.
12:14:37 INFO  : The application 'C:/Users/eidos/Vitis/workspace/Hello_World_ArtyZ7/Debug/Hello_World_ArtyZ7.elf' is downloaded to processor 'ps7_cortexa9_0'.
12:14:37 INFO  : 'configparams force-mem-access 0' command is executed.
12:14:37 INFO  : ----------------XSDB Script----------------
connect -url tcp:127.0.0.1:3121
targets -set -nocase -filter {name =~"APU*"}
rst -system
after 3000
targets -set -nocase -filter {name =~"APU*"}
loadhw -hw C:/Users/eidos/Vitis/workspace/hw_platform/export/hw_platform/hw/design_1_wrapper.xsa -mem-ranges [list {0x40000000 0xbfffffff}] -regs
configparams force-mem-access 1
targets -set -nocase -filter {name =~"APU*"}
source C:/Users/eidos/Vitis/workspace/Hello_World_ArtyZ7/_ide/psinit/ps7_init.tcl
ps7_init
ps7_post_config
targets -set -nocase -filter {name =~ "*A9*#0"}
dow C:/Users/eidos/Vitis/workspace/Hello_World_ArtyZ7/Debug/Hello_World_ArtyZ7.elf
configparams force-mem-access 0
----------------End of Script----------------

12:14:37 INFO  : Context for processor 'ps7_cortexa9_0' is selected.
12:14:37 INFO  : 'con' command is executed.
12:14:37 INFO  : ----------------XSDB Script (After Launch)----------------
targets -set -nocase -filter {name =~ "*A9*#0"}
con
----------------End of Script----------------

12:14:37 INFO  : Launch script is exported to file 'C:\Users\eidos\Vitis\workspace\Hello_World_ArtyZ7_system\_ide\scripts\systemdebugger_hello_world_artyz7_system_standalone.tcl'
12:17:06 INFO  : Disconnected from the channel tcfchan#3.
12:17:43 INFO  : Checking for BSP changes to sync application flags for project 'Hello_World_ArtyZ7'...
12:18:27 INFO  : Checking for BSP changes to sync application flags for project 'Hello_World_ArtyZ7'...
12:19:46 INFO  : Connected to target on host '127.0.0.1' and port '3121'.
12:19:46 INFO  : Jtag cable 'Digilent Arty Z7 003017A6FF0BA' is selected.
12:19:46 INFO  : 'jtag frequency' command is executed.
12:19:46 INFO  : Context for 'APU' is selected.
12:19:47 INFO  : System reset is completed.
12:19:50 INFO  : 'after 3000' command is executed.
12:19:50 INFO  : Context for 'APU' is selected.
12:19:50 INFO  : Hardware design and registers information is loaded from 'C:/Users/eidos/Vitis/workspace/hw_platform/export/hw_platform/hw/design_1_wrapper.xsa'.
12:19:50 INFO  : 'configparams force-mem-access 1' command is executed.
12:19:50 INFO  : Context for 'APU' is selected.
12:19:50 INFO  : Sourcing of 'C:/Users/eidos/Vitis/workspace/Hello_World_ArtyZ7/_ide/psinit/ps7_init.tcl' is done.
12:19:50 INFO  : 'ps7_init' command is executed.
12:19:50 INFO  : 'ps7_post_config' command is executed.
12:19:50 INFO  : Context for processor 'ps7_cortexa9_0' is selected.
12:19:50 INFO  : The application 'C:/Users/eidos/Vitis/workspace/Hello_World_ArtyZ7/Debug/Hello_World_ArtyZ7.elf' is downloaded to processor 'ps7_cortexa9_0'.
12:19:50 INFO  : 'configparams force-mem-access 0' command is executed.
12:19:50 INFO  : ----------------XSDB Script----------------
connect -url tcp:127.0.0.1:3121
targets -set -nocase -filter {name =~"APU*"}
rst -system
after 3000
targets -set -nocase -filter {name =~"APU*"}
loadhw -hw C:/Users/eidos/Vitis/workspace/hw_platform/export/hw_platform/hw/design_1_wrapper.xsa -mem-ranges [list {0x40000000 0xbfffffff}] -regs
configparams force-mem-access 1
targets -set -nocase -filter {name =~"APU*"}
source C:/Users/eidos/Vitis/workspace/Hello_World_ArtyZ7/_ide/psinit/ps7_init.tcl
ps7_init
ps7_post_config
targets -set -nocase -filter {name =~ "*A9*#0"}
dow C:/Users/eidos/Vitis/workspace/Hello_World_ArtyZ7/Debug/Hello_World_ArtyZ7.elf
configparams force-mem-access 0
----------------End of Script----------------

12:19:50 INFO  : Context for processor 'ps7_cortexa9_0' is selected.
12:19:50 INFO  : 'con' command is executed.
12:19:50 INFO  : ----------------XSDB Script (After Launch)----------------
targets -set -nocase -filter {name =~ "*A9*#0"}
con
----------------End of Script----------------

12:19:50 INFO  : Launch script is exported to file 'C:\Users\eidos\Vitis\workspace\Hello_World_ArtyZ7_system\_ide\scripts\systemdebugger_hello_world_artyz7_system_standalone.tcl'
12:20:16 INFO  : Disconnected from the channel tcfchan#5.
12:20:16 INFO  : Connected to target on host '127.0.0.1' and port '3121'.
12:20:17 INFO  : Jtag cable 'Digilent Arty Z7 003017A6FF0BA' is selected.
12:20:17 INFO  : 'jtag frequency' command is executed.
12:20:17 INFO  : Context for 'APU' is selected.
12:20:17 INFO  : System reset is completed.
12:20:20 INFO  : 'after 3000' command is executed.
12:20:20 INFO  : Context for 'APU' is selected.
12:20:20 INFO  : Hardware design and registers information is loaded from 'C:/Users/eidos/Vitis/workspace/hw_platform/export/hw_platform/hw/design_1_wrapper.xsa'.
12:20:20 INFO  : 'configparams force-mem-access 1' command is executed.
12:20:20 INFO  : Context for 'APU' is selected.
12:20:20 INFO  : Sourcing of 'C:/Users/eidos/Vitis/workspace/Hello_World_ArtyZ7/_ide/psinit/ps7_init.tcl' is done.
12:20:20 INFO  : 'ps7_init' command is executed.
12:20:20 INFO  : 'ps7_post_config' command is executed.
12:20:20 INFO  : Context for processor 'ps7_cortexa9_0' is selected.
12:20:21 INFO  : The application 'C:/Users/eidos/Vitis/workspace/Hello_World_ArtyZ7/Debug/Hello_World_ArtyZ7.elf' is downloaded to processor 'ps7_cortexa9_0'.
12:20:21 INFO  : 'configparams force-mem-access 0' command is executed.
12:20:21 INFO  : ----------------XSDB Script----------------
connect -url tcp:127.0.0.1:3121
targets -set -nocase -filter {name =~"APU*"}
rst -system
after 3000
targets -set -nocase -filter {name =~"APU*"}
loadhw -hw C:/Users/eidos/Vitis/workspace/hw_platform/export/hw_platform/hw/design_1_wrapper.xsa -mem-ranges [list {0x40000000 0xbfffffff}] -regs
configparams force-mem-access 1
targets -set -nocase -filter {name =~"APU*"}
source C:/Users/eidos/Vitis/workspace/Hello_World_ArtyZ7/_ide/psinit/ps7_init.tcl
ps7_init
ps7_post_config
targets -set -nocase -filter {name =~ "*A9*#0"}
dow C:/Users/eidos/Vitis/workspace/Hello_World_ArtyZ7/Debug/Hello_World_ArtyZ7.elf
configparams force-mem-access 0
----------------End of Script----------------

12:20:21 INFO  : Context for processor 'ps7_cortexa9_0' is selected.
12:20:21 INFO  : 'con' command is executed.
12:20:21 INFO  : ----------------XSDB Script (After Launch)----------------
targets -set -nocase -filter {name =~ "*A9*#0"}
con
----------------End of Script----------------

12:20:21 INFO  : Launch script is exported to file 'C:\Users\eidos\Vitis\workspace\Hello_World_ArtyZ7_system\_ide\scripts\systemdebugger_hello_world_artyz7_system_standalone.tcl'
12:20:47 INFO  : Disconnected from the channel tcfchan#6.
12:20:47 INFO  : Connected to target on host '127.0.0.1' and port '3121'.
12:20:48 INFO  : Jtag cable 'Digilent Arty Z7 003017A6FF0BA' is selected.
12:20:48 INFO  : 'jtag frequency' command is executed.
12:20:48 INFO  : Context for 'APU' is selected.
12:20:48 INFO  : System reset is completed.
12:20:51 INFO  : 'after 3000' command is executed.
12:20:51 INFO  : Context for 'APU' is selected.
12:20:51 INFO  : Hardware design and registers information is loaded from 'C:/Users/eidos/Vitis/workspace/hw_platform/export/hw_platform/hw/design_1_wrapper.xsa'.
12:20:51 INFO  : 'configparams force-mem-access 1' command is executed.
12:20:51 INFO  : Context for 'APU' is selected.
12:20:51 INFO  : Sourcing of 'C:/Users/eidos/Vitis/workspace/Hello_World_ArtyZ7/_ide/psinit/ps7_init.tcl' is done.
12:20:51 INFO  : 'ps7_init' command is executed.
12:20:51 INFO  : 'ps7_post_config' command is executed.
12:20:51 INFO  : Context for processor 'ps7_cortexa9_0' is selected.
12:20:51 INFO  : The application 'C:/Users/eidos/Vitis/workspace/Hello_World_ArtyZ7/Debug/Hello_World_ArtyZ7.elf' is downloaded to processor 'ps7_cortexa9_0'.
12:20:51 INFO  : 'configparams force-mem-access 0' command is executed.
12:20:51 INFO  : ----------------XSDB Script----------------
connect -url tcp:127.0.0.1:3121
targets -set -nocase -filter {name =~"APU*"}
rst -system
after 3000
targets -set -nocase -filter {name =~"APU*"}
loadhw -hw C:/Users/eidos/Vitis/workspace/hw_platform/export/hw_platform/hw/design_1_wrapper.xsa -mem-ranges [list {0x40000000 0xbfffffff}] -regs
configparams force-mem-access 1
targets -set -nocase -filter {name =~"APU*"}
source C:/Users/eidos/Vitis/workspace/Hello_World_ArtyZ7/_ide/psinit/ps7_init.tcl
ps7_init
ps7_post_config
targets -set -nocase -filter {name =~ "*A9*#0"}
dow C:/Users/eidos/Vitis/workspace/Hello_World_ArtyZ7/Debug/Hello_World_ArtyZ7.elf
configparams force-mem-access 0
----------------End of Script----------------

12:20:52 INFO  : Context for processor 'ps7_cortexa9_0' is selected.
12:20:52 INFO  : 'con' command is executed.
12:20:52 INFO  : ----------------XSDB Script (After Launch)----------------
targets -set -nocase -filter {name =~ "*A9*#0"}
con
----------------End of Script----------------

12:20:52 INFO  : Launch script is exported to file 'C:\Users\eidos\Vitis\workspace\Hello_World_ArtyZ7_system\_ide\scripts\systemdebugger_hello_world_artyz7_system_standalone.tcl'
12:22:04 INFO  : Checking for BSP changes to sync application flags for project 'Hello_World_ArtyZ7'...
12:22:24 INFO  : Disconnected from the channel tcfchan#7.
12:22:24 INFO  : Connected to target on host '127.0.0.1' and port '3121'.
12:22:24 INFO  : Jtag cable 'Digilent Arty Z7 003017A6FF0BA' is selected.
12:22:24 INFO  : 'jtag frequency' command is executed.
12:22:24 INFO  : Context for 'APU' is selected.
12:22:25 INFO  : System reset is completed.
12:22:28 INFO  : 'after 3000' command is executed.
12:22:28 INFO  : Context for 'APU' is selected.
12:22:28 INFO  : Hardware design and registers information is loaded from 'C:/Users/eidos/Vitis/workspace/hw_platform/export/hw_platform/hw/design_1_wrapper.xsa'.
12:22:28 INFO  : 'configparams force-mem-access 1' command is executed.
12:22:28 INFO  : Context for 'APU' is selected.
12:22:28 INFO  : Sourcing of 'C:/Users/eidos/Vitis/workspace/Hello_World_ArtyZ7/_ide/psinit/ps7_init.tcl' is done.
12:22:28 INFO  : 'ps7_init' command is executed.
12:22:28 INFO  : 'ps7_post_config' command is executed.
12:22:28 INFO  : Context for processor 'ps7_cortexa9_0' is selected.
12:22:28 INFO  : The application 'C:/Users/eidos/Vitis/workspace/Hello_World_ArtyZ7/Debug/Hello_World_ArtyZ7.elf' is downloaded to processor 'ps7_cortexa9_0'.
12:22:28 INFO  : 'configparams force-mem-access 0' command is executed.
12:22:28 INFO  : ----------------XSDB Script----------------
connect -url tcp:127.0.0.1:3121
targets -set -nocase -filter {name =~"APU*"}
rst -system
after 3000
targets -set -nocase -filter {name =~"APU*"}
loadhw -hw C:/Users/eidos/Vitis/workspace/hw_platform/export/hw_platform/hw/design_1_wrapper.xsa -mem-ranges [list {0x40000000 0xbfffffff}] -regs
configparams force-mem-access 1
targets -set -nocase -filter {name =~"APU*"}
source C:/Users/eidos/Vitis/workspace/Hello_World_ArtyZ7/_ide/psinit/ps7_init.tcl
ps7_init
ps7_post_config
targets -set -nocase -filter {name =~ "*A9*#0"}
dow C:/Users/eidos/Vitis/workspace/Hello_World_ArtyZ7/Debug/Hello_World_ArtyZ7.elf
configparams force-mem-access 0
----------------End of Script----------------

12:22:28 INFO  : Context for processor 'ps7_cortexa9_0' is selected.
12:22:28 INFO  : 'con' command is executed.
12:22:28 INFO  : ----------------XSDB Script (After Launch)----------------
targets -set -nocase -filter {name =~ "*A9*#0"}
con
----------------End of Script----------------

12:22:28 INFO  : Launch script is exported to file 'C:\Users\eidos\Vitis\workspace\Hello_World_ArtyZ7_system\_ide\scripts\systemdebugger_hello_world_artyz7_system_standalone.tcl'
12:22:38 INFO  : Disconnected from the channel tcfchan#8.
12:22:59 INFO  : Connected to target on host '127.0.0.1' and port '3121'.
12:22:59 INFO  : Jtag cable 'Digilent Arty Z7 003017A6FF0BA' is selected.
12:22:59 INFO  : 'jtag frequency' command is executed.
12:22:59 INFO  : Context for 'APU' is selected.
12:22:59 INFO  : System reset is completed.
12:23:02 INFO  : 'after 3000' command is executed.
12:23:02 INFO  : Context for 'APU' is selected.
12:23:02 INFO  : Hardware design and registers information is loaded from 'C:/Users/eidos/Vitis/workspace/hw_platform/export/hw_platform/hw/design_1_wrapper.xsa'.
12:23:02 INFO  : 'configparams force-mem-access 1' command is executed.
12:23:02 INFO  : Context for 'APU' is selected.
12:23:02 INFO  : Sourcing of 'C:/Users/eidos/Vitis/workspace/Hello_World_ArtyZ7/_ide/psinit/ps7_init.tcl' is done.
12:23:03 INFO  : 'ps7_init' command is executed.
12:23:03 INFO  : 'ps7_post_config' command is executed.
12:23:03 INFO  : Context for processor 'ps7_cortexa9_0' is selected.
12:23:03 INFO  : The application 'C:/Users/eidos/Vitis/workspace/Hello_World_ArtyZ7/Debug/Hello_World_ArtyZ7.elf' is downloaded to processor 'ps7_cortexa9_0'.
12:23:03 INFO  : 'configparams force-mem-access 0' command is executed.
12:23:03 INFO  : ----------------XSDB Script----------------
connect -url tcp:127.0.0.1:3121
targets -set -nocase -filter {name =~"APU*"}
rst -system
after 3000
targets -set -nocase -filter {name =~"APU*"}
loadhw -hw C:/Users/eidos/Vitis/workspace/hw_platform/export/hw_platform/hw/design_1_wrapper.xsa -mem-ranges [list {0x40000000 0xbfffffff}] -regs
configparams force-mem-access 1
targets -set -nocase -filter {name =~"APU*"}
source C:/Users/eidos/Vitis/workspace/Hello_World_ArtyZ7/_ide/psinit/ps7_init.tcl
ps7_init
ps7_post_config
targets -set -nocase -filter {name =~ "*A9*#0"}
dow C:/Users/eidos/Vitis/workspace/Hello_World_ArtyZ7/Debug/Hello_World_ArtyZ7.elf
configparams force-mem-access 0
----------------End of Script----------------

12:23:03 INFO  : Context for processor 'ps7_cortexa9_0' is selected.
12:23:03 INFO  : 'con' command is executed.
12:23:03 INFO  : ----------------XSDB Script (After Launch)----------------
targets -set -nocase -filter {name =~ "*A9*#0"}
con
----------------End of Script----------------

12:23:03 INFO  : Launch script is exported to file 'C:\Users\eidos\Vitis\workspace\Hello_World_ArtyZ7_system\_ide\scripts\systemdebugger_hello_world_artyz7_system_standalone.tcl'
12:24:07 INFO  : Result from executing command 'getProjects': hw_platform
12:24:07 INFO  : Result from executing command 'getPlatforms': hw_platform|C:/Users/eidos/Vitis/workspace/hw_platform/export/hw_platform/hw_platform.xpfm
12:24:07 INFO  : Checking for BSP changes to sync application flags for project 'Hello_World_ArtyZ7'...
12:24:36 INFO  : Disconnected from the channel tcfchan#9.
12:24:36 INFO  : Connected to target on host '127.0.0.1' and port '3121'.
12:24:36 INFO  : Jtag cable 'Digilent Arty Z7 003017A6FF0BA' is selected.
12:24:36 INFO  : 'jtag frequency' command is executed.
12:24:36 INFO  : Context for 'APU' is selected.
12:24:36 INFO  : System reset is completed.
12:24:39 INFO  : 'after 3000' command is executed.
12:24:39 INFO  : Context for 'APU' is selected.
12:24:39 INFO  : Hardware design and registers information is loaded from 'C:/Users/eidos/Vitis/workspace/hw_platform/export/hw_platform/hw/design_1_wrapper.xsa'.
12:24:39 INFO  : 'configparams force-mem-access 1' command is executed.
12:24:39 INFO  : Context for 'APU' is selected.
12:24:39 INFO  : Sourcing of 'C:/Users/eidos/Vitis/workspace/Hello_World_ArtyZ7/_ide/psinit/ps7_init.tcl' is done.
12:24:40 INFO  : 'ps7_init' command is executed.
12:24:40 INFO  : 'ps7_post_config' command is executed.
12:24:40 INFO  : Context for processor 'ps7_cortexa9_0' is selected.
12:24:40 INFO  : The application 'C:/Users/eidos/Vitis/workspace/Hello_World_ArtyZ7/Debug/Hello_World_ArtyZ7.elf' is downloaded to processor 'ps7_cortexa9_0'.
12:24:40 INFO  : 'configparams force-mem-access 0' command is executed.
12:24:40 INFO  : ----------------XSDB Script----------------
connect -url tcp:127.0.0.1:3121
targets -set -nocase -filter {name =~"APU*"}
rst -system
after 3000
targets -set -nocase -filter {name =~"APU*"}
loadhw -hw C:/Users/eidos/Vitis/workspace/hw_platform/export/hw_platform/hw/design_1_wrapper.xsa -mem-ranges [list {0x40000000 0xbfffffff}] -regs
configparams force-mem-access 1
targets -set -nocase -filter {name =~"APU*"}
source C:/Users/eidos/Vitis/workspace/Hello_World_ArtyZ7/_ide/psinit/ps7_init.tcl
ps7_init
ps7_post_config
targets -set -nocase -filter {name =~ "*A9*#0"}
dow C:/Users/eidos/Vitis/workspace/Hello_World_ArtyZ7/Debug/Hello_World_ArtyZ7.elf
configparams force-mem-access 0
----------------End of Script----------------

12:24:40 INFO  : Context for processor 'ps7_cortexa9_0' is selected.
12:24:40 INFO  : 'con' command is executed.
12:24:40 INFO  : ----------------XSDB Script (After Launch)----------------
targets -set -nocase -filter {name =~ "*A9*#0"}
con
----------------End of Script----------------

12:24:40 INFO  : Launch script is exported to file 'C:\Users\eidos\Vitis\workspace\Hello_World_ArtyZ7_system\_ide\scripts\systemdebugger_hello_world_artyz7_system_standalone.tcl'
12:25:33 INFO  : Disconnected from the channel tcfchan#13.
12:26:14 INFO  : Connected to target on host '127.0.0.1' and port '3121'.
12:26:15 INFO  : Jtag cable 'Digilent Arty Z7 003017A6FF0BA' is selected.
12:26:15 INFO  : 'jtag frequency' command is executed.
12:26:15 INFO  : Context for 'APU' is selected.
12:26:15 INFO  : System reset is completed.
12:26:18 INFO  : 'after 3000' command is executed.
12:26:18 INFO  : Context for 'APU' is selected.
12:26:18 INFO  : Hardware design and registers information is loaded from 'C:/Users/eidos/Vitis/workspace/hw_platform/export/hw_platform/hw/design_1_wrapper.xsa'.
12:26:18 INFO  : 'configparams force-mem-access 1' command is executed.
12:26:18 INFO  : Context for 'APU' is selected.
12:26:18 INFO  : Sourcing of 'C:/Users/eidos/Vitis/workspace/Hello_World_ArtyZ7/_ide/psinit/ps7_init.tcl' is done.
12:26:18 INFO  : 'ps7_init' command is executed.
12:26:18 INFO  : 'ps7_post_config' command is executed.
12:26:18 INFO  : Context for processor 'ps7_cortexa9_0' is selected.
12:26:18 INFO  : The application 'C:/Users/eidos/Vitis/workspace/Hello_World_ArtyZ7/Debug/Hello_World_ArtyZ7.elf' is downloaded to processor 'ps7_cortexa9_0'.
12:26:18 INFO  : 'configparams force-mem-access 0' command is executed.
12:26:18 INFO  : ----------------XSDB Script----------------
connect -url tcp:127.0.0.1:3121
targets -set -nocase -filter {name =~"APU*"}
rst -system
after 3000
targets -set -nocase -filter {name =~"APU*"}
loadhw -hw C:/Users/eidos/Vitis/workspace/hw_platform/export/hw_platform/hw/design_1_wrapper.xsa -mem-ranges [list {0x40000000 0xbfffffff}] -regs
configparams force-mem-access 1
targets -set -nocase -filter {name =~"APU*"}
source C:/Users/eidos/Vitis/workspace/Hello_World_ArtyZ7/_ide/psinit/ps7_init.tcl
ps7_init
ps7_post_config
targets -set -nocase -filter {name =~ "*A9*#0"}
dow C:/Users/eidos/Vitis/workspace/Hello_World_ArtyZ7/Debug/Hello_World_ArtyZ7.elf
configparams force-mem-access 0
----------------End of Script----------------

12:26:18 INFO  : Context for processor 'ps7_cortexa9_0' is selected.
12:26:18 INFO  : 'con' command is executed.
12:26:18 INFO  : ----------------XSDB Script (After Launch)----------------
targets -set -nocase -filter {name =~ "*A9*#0"}
con
----------------End of Script----------------

12:26:18 INFO  : Launch script is exported to file 'C:\Users\eidos\Vitis\workspace\Hello_World_ArtyZ7_system\_ide\scripts\systemdebugger_hello_world_artyz7_system_standalone.tcl'
12:33:01 INFO  : Disconnected from the channel tcfchan#14.
12:33:10 INFO  : Connected to target on host '127.0.0.1' and port '3121'.
12:33:10 INFO  : Jtag cable 'Digilent Arty Z7 003017A6FF0BA' is selected.
12:33:10 INFO  : 'jtag frequency' command is executed.
12:33:10 INFO  : Context for 'APU' is selected.
12:33:10 INFO  : System reset is completed.
12:33:13 INFO  : 'after 3000' command is executed.
12:33:13 INFO  : Context for 'APU' is selected.
12:33:13 INFO  : Hardware design and registers information is loaded from 'C:/Users/eidos/Vitis/workspace/hw_platform/export/hw_platform/hw/design_1_wrapper.xsa'.
12:33:13 INFO  : 'configparams force-mem-access 1' command is executed.
12:33:13 INFO  : Context for 'APU' is selected.
12:33:13 INFO  : Sourcing of 'C:/Users/eidos/Vitis/workspace/Hello_World_ArtyZ7/_ide/psinit/ps7_init.tcl' is done.
12:33:14 INFO  : 'ps7_init' command is executed.
12:33:14 INFO  : 'ps7_post_config' command is executed.
12:33:14 INFO  : Context for processor 'ps7_cortexa9_0' is selected.
12:33:14 INFO  : The application 'C:/Users/eidos/Vitis/workspace/Hello_World_ArtyZ7/Debug/Hello_World_ArtyZ7.elf' is downloaded to processor 'ps7_cortexa9_0'.
12:33:14 INFO  : 'configparams force-mem-access 0' command is executed.
12:33:14 INFO  : ----------------XSDB Script----------------
connect -url tcp:127.0.0.1:3121
targets -set -nocase -filter {name =~"APU*"}
rst -system
after 3000
targets -set -nocase -filter {name =~"APU*"}
loadhw -hw C:/Users/eidos/Vitis/workspace/hw_platform/export/hw_platform/hw/design_1_wrapper.xsa -mem-ranges [list {0x40000000 0xbfffffff}] -regs
configparams force-mem-access 1
targets -set -nocase -filter {name =~"APU*"}
source C:/Users/eidos/Vitis/workspace/Hello_World_ArtyZ7/_ide/psinit/ps7_init.tcl
ps7_init
ps7_post_config
targets -set -nocase -filter {name =~ "*A9*#0"}
dow C:/Users/eidos/Vitis/workspace/Hello_World_ArtyZ7/Debug/Hello_World_ArtyZ7.elf
configparams force-mem-access 0
----------------End of Script----------------

12:33:14 INFO  : Context for processor 'ps7_cortexa9_0' is selected.
12:33:14 INFO  : 'con' command is executed.
12:33:14 INFO  : ----------------XSDB Script (After Launch)----------------
targets -set -nocase -filter {name =~ "*A9*#0"}
con
----------------End of Script----------------

12:33:14 INFO  : Launch script is exported to file 'C:\Users\eidos\Vitis\workspace\Hello_World_ArtyZ7_system\_ide\scripts\systemdebugger_hello_world_artyz7_system_standalone.tcl'
12:33:30 INFO  : Disconnected from the channel tcfchan#15.
12:33:30 INFO  : Connected to target on host '127.0.0.1' and port '3121'.
12:33:30 INFO  : Jtag cable 'Digilent Arty Z7 003017A6FF0BA' is selected.
12:33:30 INFO  : 'jtag frequency' command is executed.
12:33:30 INFO  : Context for 'APU' is selected.
12:33:30 INFO  : System reset is completed.
12:33:33 INFO  : 'after 3000' command is executed.
12:33:33 INFO  : Context for 'APU' is selected.
12:33:33 INFO  : Hardware design and registers information is loaded from 'C:/Users/eidos/Vitis/workspace/hw_platform/export/hw_platform/hw/design_1_wrapper.xsa'.
12:33:33 INFO  : 'configparams force-mem-access 1' command is executed.
12:33:33 INFO  : Context for 'APU' is selected.
12:33:33 INFO  : Sourcing of 'C:/Users/eidos/Vitis/workspace/Hello_World_ArtyZ7/_ide/psinit/ps7_init.tcl' is done.
12:33:34 INFO  : 'ps7_init' command is executed.
12:33:34 INFO  : 'ps7_post_config' command is executed.
12:33:34 INFO  : Context for processor 'ps7_cortexa9_0' is selected.
12:33:34 INFO  : The application 'C:/Users/eidos/Vitis/workspace/Hello_World_ArtyZ7/Debug/Hello_World_ArtyZ7.elf' is downloaded to processor 'ps7_cortexa9_0'.
12:33:34 INFO  : 'configparams force-mem-access 0' command is executed.
12:33:34 INFO  : ----------------XSDB Script----------------
connect -url tcp:127.0.0.1:3121
targets -set -nocase -filter {name =~"APU*"}
rst -system
after 3000
targets -set -nocase -filter {name =~"APU*"}
loadhw -hw C:/Users/eidos/Vitis/workspace/hw_platform/export/hw_platform/hw/design_1_wrapper.xsa -mem-ranges [list {0x40000000 0xbfffffff}] -regs
configparams force-mem-access 1
targets -set -nocase -filter {name =~"APU*"}
source C:/Users/eidos/Vitis/workspace/Hello_World_ArtyZ7/_ide/psinit/ps7_init.tcl
ps7_init
ps7_post_config
targets -set -nocase -filter {name =~ "*A9*#0"}
dow C:/Users/eidos/Vitis/workspace/Hello_World_ArtyZ7/Debug/Hello_World_ArtyZ7.elf
configparams force-mem-access 0
----------------End of Script----------------

12:33:34 INFO  : Context for processor 'ps7_cortexa9_0' is selected.
12:33:34 INFO  : 'con' command is executed.
12:33:34 INFO  : ----------------XSDB Script (After Launch)----------------
targets -set -nocase -filter {name =~ "*A9*#0"}
con
----------------End of Script----------------

12:33:34 INFO  : Launch script is exported to file 'C:\Users\eidos\Vitis\workspace\Hello_World_ArtyZ7_system\_ide\scripts\systemdebugger_hello_world_artyz7_system_standalone.tcl'
12:34:13 INFO  : Disconnected from the channel tcfchan#16.
12:34:13 INFO  : Connected to target on host '127.0.0.1' and port '3121'.
12:34:14 INFO  : Jtag cable 'Digilent Arty Z7 003017A6FF0BA' is selected.
12:34:14 INFO  : 'jtag frequency' command is executed.
12:34:14 INFO  : Context for 'APU' is selected.
12:34:14 INFO  : System reset is completed.
12:34:17 INFO  : 'after 3000' command is executed.
12:34:17 INFO  : Context for 'APU' is selected.
12:34:17 INFO  : Hardware design and registers information is loaded from 'C:/Users/eidos/Vitis/workspace/hw_platform/export/hw_platform/hw/design_1_wrapper.xsa'.
12:34:17 INFO  : 'configparams force-mem-access 1' command is executed.
12:34:17 INFO  : Context for 'APU' is selected.
12:34:17 INFO  : Sourcing of 'C:/Users/eidos/Vitis/workspace/Hello_World_ArtyZ7/_ide/psinit/ps7_init.tcl' is done.
12:34:17 INFO  : 'ps7_init' command is executed.
12:34:17 INFO  : 'ps7_post_config' command is executed.
12:34:17 INFO  : Context for processor 'ps7_cortexa9_0' is selected.
12:34:17 INFO  : The application 'C:/Users/eidos/Vitis/workspace/Hello_World_ArtyZ7/Debug/Hello_World_ArtyZ7.elf' is downloaded to processor 'ps7_cortexa9_0'.
12:34:17 INFO  : 'configparams force-mem-access 0' command is executed.
12:34:17 INFO  : ----------------XSDB Script----------------
connect -url tcp:127.0.0.1:3121
targets -set -nocase -filter {name =~"APU*"}
rst -system
after 3000
targets -set -nocase -filter {name =~"APU*"}
loadhw -hw C:/Users/eidos/Vitis/workspace/hw_platform/export/hw_platform/hw/design_1_wrapper.xsa -mem-ranges [list {0x40000000 0xbfffffff}] -regs
configparams force-mem-access 1
targets -set -nocase -filter {name =~"APU*"}
source C:/Users/eidos/Vitis/workspace/Hello_World_ArtyZ7/_ide/psinit/ps7_init.tcl
ps7_init
ps7_post_config
targets -set -nocase -filter {name =~ "*A9*#0"}
dow C:/Users/eidos/Vitis/workspace/Hello_World_ArtyZ7/Debug/Hello_World_ArtyZ7.elf
configparams force-mem-access 0
----------------End of Script----------------

12:34:18 INFO  : Context for processor 'ps7_cortexa9_0' is selected.
12:34:18 INFO  : 'con' command is executed.
12:34:18 INFO  : ----------------XSDB Script (After Launch)----------------
targets -set -nocase -filter {name =~ "*A9*#0"}
con
----------------End of Script----------------

12:34:18 INFO  : Launch script is exported to file 'C:\Users\eidos\Vitis\workspace\Hello_World_ArtyZ7_system\_ide\scripts\systemdebugger_hello_world_artyz7_system_standalone.tcl'
12:34:45 INFO  : Disconnected from the channel tcfchan#17.
12:34:45 INFO  : Connected to target on host '127.0.0.1' and port '3121'.
12:34:54 INFO  : ----------------XSDB Script----------------
connect -url tcp:127.0.0.1:3121
----------------End of Script----------------

12:34:54 ERROR : Could not find ARM device on the board for connection 'Local'.
Check if the target is in:
1. Split JTAG - No operations are possible with ARM DAP.
2. Non JTAG bootmode - Bootrom may need time to enable DAP.
Please try again.


Troubleshooting hints:
1. Check whether board is connected to system properly.
2. In case of zynq board, check whether Digilent/Xilinx cable switch settings are correct.
3. If you are using Xilinx Platform Cable USB, ensure that status LED is green.
12:35:45 INFO  : Connected to target on host '127.0.0.1' and port '3121'.
12:35:45 INFO  : Jtag cable 'Digilent Arty Z7 003017A6FF0BA' is selected.
12:35:45 INFO  : 'jtag frequency' command is executed.
12:35:45 INFO  : Context for 'APU' is selected.
12:35:45 INFO  : System reset is completed.
12:35:48 INFO  : 'after 3000' command is executed.
12:35:48 INFO  : Context for 'APU' is selected.
12:35:48 INFO  : Hardware design and registers information is loaded from 'C:/Users/eidos/Vitis/workspace/hw_platform/export/hw_platform/hw/design_1_wrapper.xsa'.
12:35:48 INFO  : 'configparams force-mem-access 1' command is executed.
12:35:48 INFO  : Context for 'APU' is selected.
12:35:48 INFO  : Sourcing of 'C:/Users/eidos/Vitis/workspace/Hello_World_ArtyZ7/_ide/psinit/ps7_init.tcl' is done.
12:35:48 INFO  : 'ps7_init' command is executed.
12:35:48 INFO  : 'ps7_post_config' command is executed.
12:35:48 INFO  : Context for processor 'ps7_cortexa9_0' is selected.
12:35:49 INFO  : The application 'C:/Users/eidos/Vitis/workspace/Hello_World_ArtyZ7/Debug/Hello_World_ArtyZ7.elf' is downloaded to processor 'ps7_cortexa9_0'.
12:35:49 INFO  : 'configparams force-mem-access 0' command is executed.
12:35:49 INFO  : ----------------XSDB Script----------------
connect -url tcp:127.0.0.1:3121
targets -set -nocase -filter {name =~"APU*"}
rst -system
after 3000
targets -set -nocase -filter {name =~"APU*"}
loadhw -hw C:/Users/eidos/Vitis/workspace/hw_platform/export/hw_platform/hw/design_1_wrapper.xsa -mem-ranges [list {0x40000000 0xbfffffff}] -regs
configparams force-mem-access 1
targets -set -nocase -filter {name =~"APU*"}
source C:/Users/eidos/Vitis/workspace/Hello_World_ArtyZ7/_ide/psinit/ps7_init.tcl
ps7_init
ps7_post_config
targets -set -nocase -filter {name =~ "*A9*#0"}
dow C:/Users/eidos/Vitis/workspace/Hello_World_ArtyZ7/Debug/Hello_World_ArtyZ7.elf
configparams force-mem-access 0
----------------End of Script----------------

12:35:49 INFO  : Context for processor 'ps7_cortexa9_0' is selected.
12:35:49 INFO  : 'con' command is executed.
12:35:49 INFO  : ----------------XSDB Script (After Launch)----------------
targets -set -nocase -filter {name =~ "*A9*#0"}
con
----------------End of Script----------------

12:35:49 INFO  : Launch script is exported to file 'C:\Users\eidos\Vitis\workspace\Hello_World_ArtyZ7_system\_ide\scripts\systemdebugger_hello_world_artyz7_system_standalone.tcl'
12:36:07 INFO  : Disconnected from the channel tcfchan#18.
12:36:07 INFO  : Connected to target on host '127.0.0.1' and port '3121'.
12:36:07 INFO  : Jtag cable 'Digilent Arty Z7 003017A6FF0BA' is selected.
12:36:07 INFO  : 'jtag frequency' command is executed.
12:36:07 INFO  : Context for 'APU' is selected.
12:36:07 INFO  : System reset is completed.
12:36:10 INFO  : 'after 3000' command is executed.
12:36:10 INFO  : Context for 'APU' is selected.
12:36:10 INFO  : Hardware design and registers information is loaded from 'C:/Users/eidos/Vitis/workspace/hw_platform/export/hw_platform/hw/design_1_wrapper.xsa'.
12:36:10 INFO  : 'configparams force-mem-access 1' command is executed.
12:36:10 INFO  : Context for 'APU' is selected.
12:36:10 INFO  : Sourcing of 'C:/Users/eidos/Vitis/workspace/Hello_World_ArtyZ7/_ide/psinit/ps7_init.tcl' is done.
12:36:11 INFO  : 'ps7_init' command is executed.
12:36:11 INFO  : 'ps7_post_config' command is executed.
12:36:11 INFO  : Context for processor 'ps7_cortexa9_0' is selected.
12:36:11 INFO  : The application 'C:/Users/eidos/Vitis/workspace/Hello_World_ArtyZ7/Debug/Hello_World_ArtyZ7.elf' is downloaded to processor 'ps7_cortexa9_0'.
12:36:11 INFO  : 'configparams force-mem-access 0' command is executed.
12:36:11 INFO  : ----------------XSDB Script----------------
connect -url tcp:127.0.0.1:3121
targets -set -nocase -filter {name =~"APU*"}
rst -system
after 3000
targets -set -nocase -filter {name =~"APU*"}
loadhw -hw C:/Users/eidos/Vitis/workspace/hw_platform/export/hw_platform/hw/design_1_wrapper.xsa -mem-ranges [list {0x40000000 0xbfffffff}] -regs
configparams force-mem-access 1
targets -set -nocase -filter {name =~"APU*"}
source C:/Users/eidos/Vitis/workspace/Hello_World_ArtyZ7/_ide/psinit/ps7_init.tcl
ps7_init
ps7_post_config
targets -set -nocase -filter {name =~ "*A9*#0"}
dow C:/Users/eidos/Vitis/workspace/Hello_World_ArtyZ7/Debug/Hello_World_ArtyZ7.elf
configparams force-mem-access 0
----------------End of Script----------------

12:36:11 INFO  : Context for processor 'ps7_cortexa9_0' is selected.
12:36:11 INFO  : 'con' command is executed.
12:36:11 INFO  : ----------------XSDB Script (After Launch)----------------
targets -set -nocase -filter {name =~ "*A9*#0"}
con
----------------End of Script----------------

12:36:11 INFO  : Launch script is exported to file 'C:\Users\eidos\Vitis\workspace\Hello_World_ArtyZ7_system\_ide\scripts\systemdebugger_hello_world_artyz7_system_standalone.tcl'
12:36:50 INFO  : Disconnected from the channel tcfchan#19.
12:36:50 INFO  : Connected to target on host '127.0.0.1' and port '3121'.
12:36:59 INFO  : ----------------XSDB Script----------------
connect -url tcp:127.0.0.1:3121
----------------End of Script----------------

12:36:59 ERROR : Could not find ARM device on the board for connection 'Local'.
Check if the target is in:
1. Split JTAG - No operations are possible with ARM DAP.
2. Non JTAG bootmode - Bootrom may need time to enable DAP.
Please try again.


Troubleshooting hints:
1. Check whether board is connected to system properly.
2. In case of zynq board, check whether Digilent/Xilinx cable switch settings are correct.
3. If you are using Xilinx Platform Cable USB, ensure that status LED is green.
12:38:01 INFO  : Connected to target on host '127.0.0.1' and port '3121'.
12:38:02 INFO  : Jtag cable 'Digilent Arty Z7 003017A6FF0BA' is selected.
12:38:02 INFO  : 'jtag frequency' command is executed.
12:38:02 INFO  : Context for 'APU' is selected.
12:38:02 INFO  : System reset is completed.
12:38:05 INFO  : 'after 3000' command is executed.
12:38:05 INFO  : Context for 'APU' is selected.
12:38:05 INFO  : Hardware design and registers information is loaded from 'C:/Users/eidos/Vitis/workspace/hw_platform/export/hw_platform/hw/design_1_wrapper.xsa'.
12:38:05 INFO  : 'configparams force-mem-access 1' command is executed.
12:38:05 INFO  : Context for 'APU' is selected.
12:38:05 INFO  : Sourcing of 'C:/Users/eidos/Vitis/workspace/Hello_World_ArtyZ7/_ide/psinit/ps7_init.tcl' is done.
12:38:05 INFO  : 'ps7_init' command is executed.
12:38:05 INFO  : 'ps7_post_config' command is executed.
12:38:05 INFO  : Context for processor 'ps7_cortexa9_0' is selected.
12:38:06 INFO  : The application 'C:/Users/eidos/Vitis/workspace/Hello_World_ArtyZ7/Debug/Hello_World_ArtyZ7.elf' is downloaded to processor 'ps7_cortexa9_0'.
12:38:06 INFO  : 'configparams force-mem-access 0' command is executed.
12:38:06 INFO  : ----------------XSDB Script----------------
connect -url tcp:127.0.0.1:3121
targets -set -nocase -filter {name =~"APU*"}
rst -system
after 3000
targets -set -nocase -filter {name =~"APU*"}
loadhw -hw C:/Users/eidos/Vitis/workspace/hw_platform/export/hw_platform/hw/design_1_wrapper.xsa -mem-ranges [list {0x40000000 0xbfffffff}] -regs
configparams force-mem-access 1
targets -set -nocase -filter {name =~"APU*"}
source C:/Users/eidos/Vitis/workspace/Hello_World_ArtyZ7/_ide/psinit/ps7_init.tcl
ps7_init
ps7_post_config
targets -set -nocase -filter {name =~ "*A9*#0"}
dow C:/Users/eidos/Vitis/workspace/Hello_World_ArtyZ7/Debug/Hello_World_ArtyZ7.elf
configparams force-mem-access 0
----------------End of Script----------------

12:38:06 INFO  : Context for processor 'ps7_cortexa9_0' is selected.
12:38:06 INFO  : 'con' command is executed.
12:38:06 INFO  : ----------------XSDB Script (After Launch)----------------
targets -set -nocase -filter {name =~ "*A9*#0"}
con
----------------End of Script----------------

12:38:06 INFO  : Launch script is exported to file 'C:\Users\eidos\Vitis\workspace\Hello_World_ArtyZ7_system\_ide\scripts\systemdebugger_hello_world_artyz7_system_standalone.tcl'
12:38:26 INFO  : Disconnected from the channel tcfchan#20.
12:38:26 INFO  : Connected to target on host '127.0.0.1' and port '3121'.
12:38:27 INFO  : Jtag cable 'Digilent Arty Z7 003017A6FF0BA' is selected.
12:38:27 INFO  : 'jtag frequency' command is executed.
12:38:27 INFO  : Context for 'APU' is selected.
12:38:27 INFO  : System reset is completed.
12:38:30 INFO  : 'after 3000' command is executed.
12:38:30 INFO  : Context for 'APU' is selected.
12:38:30 INFO  : Hardware design and registers information is loaded from 'C:/Users/eidos/Vitis/workspace/hw_platform/export/hw_platform/hw/design_1_wrapper.xsa'.
12:38:30 INFO  : 'configparams force-mem-access 1' command is executed.
12:38:30 INFO  : Context for 'APU' is selected.
12:38:30 INFO  : Sourcing of 'C:/Users/eidos/Vitis/workspace/Hello_World_ArtyZ7/_ide/psinit/ps7_init.tcl' is done.
12:38:30 INFO  : 'ps7_init' command is executed.
12:38:30 INFO  : 'ps7_post_config' command is executed.
12:38:30 INFO  : Context for processor 'ps7_cortexa9_0' is selected.
12:38:30 INFO  : The application 'C:/Users/eidos/Vitis/workspace/Hello_World_ArtyZ7/Debug/Hello_World_ArtyZ7.elf' is downloaded to processor 'ps7_cortexa9_0'.
12:38:30 INFO  : 'configparams force-mem-access 0' command is executed.
12:38:30 INFO  : ----------------XSDB Script----------------
connect -url tcp:127.0.0.1:3121
targets -set -nocase -filter {name =~"APU*"}
rst -system
after 3000
targets -set -nocase -filter {name =~"APU*"}
loadhw -hw C:/Users/eidos/Vitis/workspace/hw_platform/export/hw_platform/hw/design_1_wrapper.xsa -mem-ranges [list {0x40000000 0xbfffffff}] -regs
configparams force-mem-access 1
targets -set -nocase -filter {name =~"APU*"}
source C:/Users/eidos/Vitis/workspace/Hello_World_ArtyZ7/_ide/psinit/ps7_init.tcl
ps7_init
ps7_post_config
targets -set -nocase -filter {name =~ "*A9*#0"}
dow C:/Users/eidos/Vitis/workspace/Hello_World_ArtyZ7/Debug/Hello_World_ArtyZ7.elf
configparams force-mem-access 0
----------------End of Script----------------

12:38:30 INFO  : Context for processor 'ps7_cortexa9_0' is selected.
12:38:30 INFO  : 'con' command is executed.
12:38:30 INFO  : ----------------XSDB Script (After Launch)----------------
targets -set -nocase -filter {name =~ "*A9*#0"}
con
----------------End of Script----------------

12:38:30 INFO  : Launch script is exported to file 'C:\Users\eidos\Vitis\workspace\Hello_World_ArtyZ7_system\_ide\scripts\systemdebugger_hello_world_artyz7_system_standalone.tcl'
12:41:35 INFO  : Disconnected from the channel tcfchan#21.
12:42:57 INFO  : No changes in MSS file content so sources will not be generated.
12:43:15 INFO  : Connected to target on host '127.0.0.1' and port '3121'.
12:43:16 INFO  : Jtag cable 'Digilent Arty Z7 003017A6FF0BA' is selected.
12:43:16 INFO  : 'jtag frequency' command is executed.
12:43:16 INFO  : Context for 'APU' is selected.
12:43:16 INFO  : System reset is completed.
12:43:19 INFO  : 'after 3000' command is executed.
12:43:19 INFO  : Context for 'APU' is selected.
12:43:19 INFO  : Hardware design and registers information is loaded from 'C:/Users/eidos/Vitis/workspace/hw_platform/export/hw_platform/hw/design_1_wrapper.xsa'.
12:43:19 INFO  : 'configparams force-mem-access 1' command is executed.
12:43:19 INFO  : Context for 'APU' is selected.
12:43:19 INFO  : Sourcing of 'C:/Users/eidos/Vitis/workspace/Hello_World_ArtyZ7/_ide/psinit/ps7_init.tcl' is done.
12:43:19 INFO  : 'ps7_init' command is executed.
12:43:19 INFO  : 'ps7_post_config' command is executed.
12:43:19 INFO  : Context for processor 'ps7_cortexa9_0' is selected.
12:43:20 INFO  : The application 'C:/Users/eidos/Vitis/workspace/Hello_World_ArtyZ7/Debug/Hello_World_ArtyZ7.elf' is downloaded to processor 'ps7_cortexa9_0'.
12:43:20 INFO  : 'configparams force-mem-access 0' command is executed.
12:43:20 INFO  : ----------------XSDB Script----------------
connect -url tcp:127.0.0.1:3121
targets -set -nocase -filter {name =~"APU*"}
rst -system
after 3000
targets -set -nocase -filter {name =~"APU*"}
loadhw -hw C:/Users/eidos/Vitis/workspace/hw_platform/export/hw_platform/hw/design_1_wrapper.xsa -mem-ranges [list {0x40000000 0xbfffffff}] -regs
configparams force-mem-access 1
targets -set -nocase -filter {name =~"APU*"}
source C:/Users/eidos/Vitis/workspace/Hello_World_ArtyZ7/_ide/psinit/ps7_init.tcl
ps7_init
ps7_post_config
targets -set -nocase -filter {name =~ "*A9*#0"}
dow C:/Users/eidos/Vitis/workspace/Hello_World_ArtyZ7/Debug/Hello_World_ArtyZ7.elf
configparams force-mem-access 0
----------------End of Script----------------

12:43:20 INFO  : Context for processor 'ps7_cortexa9_0' is selected.
12:43:20 INFO  : 'con' command is executed.
12:43:20 INFO  : ----------------XSDB Script (After Launch)----------------
targets -set -nocase -filter {name =~ "*A9*#0"}
con
----------------End of Script----------------

12:43:20 INFO  : Launch script is exported to file 'C:\Users\eidos\Vitis\workspace\Hello_World_ArtyZ7_system\_ide\scripts\systemdebugger_hello_world_artyz7_system_standalone.tcl'
12:43:25 INFO  : Disconnected from the channel tcfchan#22.
12:43:25 INFO  : Connected to target on host '127.0.0.1' and port '3121'.
12:43:25 INFO  : Jtag cable 'Digilent Arty Z7 003017A6FF0BA' is selected.
12:43:25 INFO  : 'jtag frequency' command is executed.
12:43:25 INFO  : Context for 'APU' is selected.
12:43:25 INFO  : System reset is completed.
12:43:28 INFO  : 'after 3000' command is executed.
12:43:28 INFO  : Context for 'APU' is selected.
12:43:28 INFO  : Hardware design and registers information is loaded from 'C:/Users/eidos/Vitis/workspace/hw_platform/export/hw_platform/hw/design_1_wrapper.xsa'.
12:43:28 INFO  : 'configparams force-mem-access 1' command is executed.
12:43:28 INFO  : Context for 'APU' is selected.
12:43:28 INFO  : Sourcing of 'C:/Users/eidos/Vitis/workspace/Hello_World_ArtyZ7/_ide/psinit/ps7_init.tcl' is done.
12:43:29 INFO  : 'ps7_init' command is executed.
12:43:29 INFO  : 'ps7_post_config' command is executed.
12:43:29 INFO  : Context for processor 'ps7_cortexa9_0' is selected.
12:43:29 INFO  : The application 'C:/Users/eidos/Vitis/workspace/Hello_World_ArtyZ7/Debug/Hello_World_ArtyZ7.elf' is downloaded to processor 'ps7_cortexa9_0'.
12:43:29 INFO  : 'configparams force-mem-access 0' command is executed.
12:43:29 INFO  : ----------------XSDB Script----------------
connect -url tcp:127.0.0.1:3121
targets -set -nocase -filter {name =~"APU*"}
rst -system
after 3000
targets -set -nocase -filter {name =~"APU*"}
loadhw -hw C:/Users/eidos/Vitis/workspace/hw_platform/export/hw_platform/hw/design_1_wrapper.xsa -mem-ranges [list {0x40000000 0xbfffffff}] -regs
configparams force-mem-access 1
targets -set -nocase -filter {name =~"APU*"}
source C:/Users/eidos/Vitis/workspace/Hello_World_ArtyZ7/_ide/psinit/ps7_init.tcl
ps7_init
ps7_post_config
targets -set -nocase -filter {name =~ "*A9*#0"}
dow C:/Users/eidos/Vitis/workspace/Hello_World_ArtyZ7/Debug/Hello_World_ArtyZ7.elf
configparams force-mem-access 0
----------------End of Script----------------

12:43:29 INFO  : Context for processor 'ps7_cortexa9_0' is selected.
12:43:29 INFO  : 'con' command is executed.
12:43:29 INFO  : ----------------XSDB Script (After Launch)----------------
targets -set -nocase -filter {name =~ "*A9*#0"}
con
----------------End of Script----------------

12:43:29 INFO  : Launch script is exported to file 'C:\Users\eidos\Vitis\workspace\Hello_World_ArtyZ7_system\_ide\scripts\systemdebugger_hello_world_artyz7_system_standalone.tcl'
12:44:02 INFO  : Disconnected from the channel tcfchan#23.
12:44:02 INFO  : Connected to target on host '127.0.0.1' and port '3121'.
12:44:03 INFO  : Jtag cable 'Digilent Arty Z7 003017A6FF0BA' is selected.
12:44:03 INFO  : 'jtag frequency' command is executed.
12:44:03 INFO  : Context for 'APU' is selected.
12:44:03 INFO  : System reset is completed.
12:44:06 INFO  : 'after 3000' command is executed.
12:44:06 INFO  : Context for 'APU' is selected.
12:44:06 INFO  : Hardware design and registers information is loaded from 'C:/Users/eidos/Vitis/workspace/hw_platform/export/hw_platform/hw/design_1_wrapper.xsa'.
12:44:06 INFO  : 'configparams force-mem-access 1' command is executed.
12:44:06 INFO  : Context for 'APU' is selected.
12:44:06 INFO  : Sourcing of 'C:/Users/eidos/Vitis/workspace/Hello_World_ArtyZ7/_ide/psinit/ps7_init.tcl' is done.
12:44:06 INFO  : 'ps7_init' command is executed.
12:44:06 INFO  : 'ps7_post_config' command is executed.
12:44:06 INFO  : Context for processor 'ps7_cortexa9_0' is selected.
12:44:06 INFO  : The application 'C:/Users/eidos/Vitis/workspace/Hello_World_ArtyZ7/Debug/Hello_World_ArtyZ7.elf' is downloaded to processor 'ps7_cortexa9_0'.
12:44:06 INFO  : 'configparams force-mem-access 0' command is executed.
12:44:06 INFO  : ----------------XSDB Script----------------
connect -url tcp:127.0.0.1:3121
targets -set -nocase -filter {name =~"APU*"}
rst -system
after 3000
targets -set -nocase -filter {name =~"APU*"}
loadhw -hw C:/Users/eidos/Vitis/workspace/hw_platform/export/hw_platform/hw/design_1_wrapper.xsa -mem-ranges [list {0x40000000 0xbfffffff}] -regs
configparams force-mem-access 1
targets -set -nocase -filter {name =~"APU*"}
source C:/Users/eidos/Vitis/workspace/Hello_World_ArtyZ7/_ide/psinit/ps7_init.tcl
ps7_init
ps7_post_config
targets -set -nocase -filter {name =~ "*A9*#0"}
dow C:/Users/eidos/Vitis/workspace/Hello_World_ArtyZ7/Debug/Hello_World_ArtyZ7.elf
configparams force-mem-access 0
----------------End of Script----------------

12:44:06 INFO  : Context for processor 'ps7_cortexa9_0' is selected.
12:44:07 INFO  : 'con' command is executed.
12:44:07 INFO  : ----------------XSDB Script (After Launch)----------------
targets -set -nocase -filter {name =~ "*A9*#0"}
con
----------------End of Script----------------

12:44:07 INFO  : Launch script is exported to file 'C:\Users\eidos\Vitis\workspace\Hello_World_ArtyZ7_system\_ide\scripts\systemdebugger_hello_world_artyz7_system_standalone.tcl'
12:44:19 INFO  : Disconnected from the channel tcfchan#24.
12:44:19 INFO  : Connected to target on host '127.0.0.1' and port '3121'.
12:44:20 INFO  : Jtag cable 'Digilent Arty Z7 003017A6FF0BA' is selected.
12:44:20 INFO  : 'jtag frequency' command is executed.
12:44:20 INFO  : Context for 'APU' is selected.
12:44:20 INFO  : System reset is completed.
12:44:23 INFO  : 'after 3000' command is executed.
12:44:23 INFO  : Context for 'APU' is selected.
12:44:23 INFO  : Hardware design and registers information is loaded from 'C:/Users/eidos/Vitis/workspace/hw_platform/export/hw_platform/hw/design_1_wrapper.xsa'.
12:44:23 INFO  : 'configparams force-mem-access 1' command is executed.
12:44:23 INFO  : Context for 'APU' is selected.
12:44:23 INFO  : Sourcing of 'C:/Users/eidos/Vitis/workspace/Hello_World_ArtyZ7/_ide/psinit/ps7_init.tcl' is done.
12:44:23 INFO  : 'ps7_init' command is executed.
12:44:23 INFO  : 'ps7_post_config' command is executed.
12:44:23 INFO  : Context for processor 'ps7_cortexa9_0' is selected.
12:44:24 INFO  : The application 'C:/Users/eidos/Vitis/workspace/Hello_World_ArtyZ7/Debug/Hello_World_ArtyZ7.elf' is downloaded to processor 'ps7_cortexa9_0'.
12:44:24 INFO  : 'configparams force-mem-access 0' command is executed.
12:44:24 INFO  : ----------------XSDB Script----------------
connect -url tcp:127.0.0.1:3121
targets -set -nocase -filter {name =~"APU*"}
rst -system
after 3000
targets -set -nocase -filter {name =~"APU*"}
loadhw -hw C:/Users/eidos/Vitis/workspace/hw_platform/export/hw_platform/hw/design_1_wrapper.xsa -mem-ranges [list {0x40000000 0xbfffffff}] -regs
configparams force-mem-access 1
targets -set -nocase -filter {name =~"APU*"}
source C:/Users/eidos/Vitis/workspace/Hello_World_ArtyZ7/_ide/psinit/ps7_init.tcl
ps7_init
ps7_post_config
targets -set -nocase -filter {name =~ "*A9*#0"}
dow C:/Users/eidos/Vitis/workspace/Hello_World_ArtyZ7/Debug/Hello_World_ArtyZ7.elf
configparams force-mem-access 0
----------------End of Script----------------

12:44:24 INFO  : Context for processor 'ps7_cortexa9_0' is selected.
12:44:24 INFO  : 'con' command is executed.
12:44:24 INFO  : ----------------XSDB Script (After Launch)----------------
targets -set -nocase -filter {name =~ "*A9*#0"}
con
----------------End of Script----------------

12:44:24 INFO  : Launch script is exported to file 'C:\Users\eidos\Vitis\workspace\Hello_World_ArtyZ7_system\_ide\scripts\systemdebugger_hello_world_artyz7_system_standalone.tcl'
12:45:00 INFO  : Disconnected from the channel tcfchan#25.
12:45:00 INFO  : Connected to target on host '127.0.0.1' and port '3121'.
12:45:00 INFO  : Jtag cable 'Digilent Arty Z7 003017A6FF0BA' is selected.
12:45:00 INFO  : 'jtag frequency' command is executed.
12:45:00 INFO  : Context for 'APU' is selected.
12:45:00 INFO  : System reset is completed.
12:45:03 INFO  : 'after 3000' command is executed.
12:45:03 INFO  : Context for 'APU' is selected.
12:45:03 INFO  : Hardware design and registers information is loaded from 'C:/Users/eidos/Vitis/workspace/hw_platform/export/hw_platform/hw/design_1_wrapper.xsa'.
12:45:03 INFO  : 'configparams force-mem-access 1' command is executed.
12:45:03 INFO  : Context for 'APU' is selected.
12:45:03 INFO  : Sourcing of 'C:/Users/eidos/Vitis/workspace/Hello_World_ArtyZ7/_ide/psinit/ps7_init.tcl' is done.
12:45:04 INFO  : 'ps7_init' command is executed.
12:45:04 INFO  : 'ps7_post_config' command is executed.
12:45:04 INFO  : Context for processor 'ps7_cortexa9_0' is selected.
12:45:04 INFO  : The application 'C:/Users/eidos/Vitis/workspace/Hello_World_ArtyZ7/Debug/Hello_World_ArtyZ7.elf' is downloaded to processor 'ps7_cortexa9_0'.
12:45:04 INFO  : 'configparams force-mem-access 0' command is executed.
12:45:04 INFO  : ----------------XSDB Script----------------
connect -url tcp:127.0.0.1:3121
targets -set -nocase -filter {name =~"APU*"}
rst -system
after 3000
targets -set -nocase -filter {name =~"APU*"}
loadhw -hw C:/Users/eidos/Vitis/workspace/hw_platform/export/hw_platform/hw/design_1_wrapper.xsa -mem-ranges [list {0x40000000 0xbfffffff}] -regs
configparams force-mem-access 1
targets -set -nocase -filter {name =~"APU*"}
source C:/Users/eidos/Vitis/workspace/Hello_World_ArtyZ7/_ide/psinit/ps7_init.tcl
ps7_init
ps7_post_config
targets -set -nocase -filter {name =~ "*A9*#0"}
dow C:/Users/eidos/Vitis/workspace/Hello_World_ArtyZ7/Debug/Hello_World_ArtyZ7.elf
configparams force-mem-access 0
----------------End of Script----------------

12:45:04 INFO  : Context for processor 'ps7_cortexa9_0' is selected.
12:45:04 INFO  : 'con' command is executed.
12:45:04 INFO  : ----------------XSDB Script (After Launch)----------------
targets -set -nocase -filter {name =~ "*A9*#0"}
con
----------------End of Script----------------

12:45:04 INFO  : Launch script is exported to file 'C:\Users\eidos\Vitis\workspace\Hello_World_ArtyZ7_system\_ide\scripts\systemdebugger_hello_world_artyz7_system_standalone.tcl'
12:45:37 INFO  : Disconnected from the channel tcfchan#26.
12:45:37 INFO  : Connected to target on host '127.0.0.1' and port '3121'.
12:45:37 INFO  : Jtag cable 'Digilent Arty Z7 003017A6FF0BA' is selected.
12:45:37 INFO  : 'jtag frequency' command is executed.
12:45:37 INFO  : Context for 'APU' is selected.
12:45:38 INFO  : System reset is completed.
12:45:41 INFO  : 'after 3000' command is executed.
12:45:41 INFO  : Context for 'APU' is selected.
12:45:41 INFO  : Hardware design and registers information is loaded from 'C:/Users/eidos/Vitis/workspace/hw_platform/export/hw_platform/hw/design_1_wrapper.xsa'.
12:45:41 INFO  : 'configparams force-mem-access 1' command is executed.
12:45:41 INFO  : Context for 'APU' is selected.
12:45:41 INFO  : Sourcing of 'C:/Users/eidos/Vitis/workspace/Hello_World_ArtyZ7/_ide/psinit/ps7_init.tcl' is done.
12:45:41 INFO  : 'ps7_init' command is executed.
12:45:41 INFO  : 'ps7_post_config' command is executed.
12:45:41 INFO  : Context for processor 'ps7_cortexa9_0' is selected.
12:45:41 INFO  : The application 'C:/Users/eidos/Vitis/workspace/Hello_World_ArtyZ7/Debug/Hello_World_ArtyZ7.elf' is downloaded to processor 'ps7_cortexa9_0'.
12:45:41 INFO  : 'configparams force-mem-access 0' command is executed.
12:45:41 INFO  : ----------------XSDB Script----------------
connect -url tcp:127.0.0.1:3121
targets -set -nocase -filter {name =~"APU*"}
rst -system
after 3000
targets -set -nocase -filter {name =~"APU*"}
loadhw -hw C:/Users/eidos/Vitis/workspace/hw_platform/export/hw_platform/hw/design_1_wrapper.xsa -mem-ranges [list {0x40000000 0xbfffffff}] -regs
configparams force-mem-access 1
targets -set -nocase -filter {name =~"APU*"}
source C:/Users/eidos/Vitis/workspace/Hello_World_ArtyZ7/_ide/psinit/ps7_init.tcl
ps7_init
ps7_post_config
targets -set -nocase -filter {name =~ "*A9*#0"}
dow C:/Users/eidos/Vitis/workspace/Hello_World_ArtyZ7/Debug/Hello_World_ArtyZ7.elf
configparams force-mem-access 0
----------------End of Script----------------

12:45:41 INFO  : Context for processor 'ps7_cortexa9_0' is selected.
12:45:41 INFO  : 'con' command is executed.
12:45:41 INFO  : ----------------XSDB Script (After Launch)----------------
targets -set -nocase -filter {name =~ "*A9*#0"}
con
----------------End of Script----------------

12:45:41 INFO  : Launch script is exported to file 'C:\Users\eidos\Vitis\workspace\Hello_World_ArtyZ7_system\_ide\scripts\systemdebugger_hello_world_artyz7_system_standalone.tcl'
12:46:27 INFO  : Disconnected from the channel tcfchan#27.
13:55:51 INFO  : Launching XSCT server: xsct.bat -n  -interactive C:\Users\eidos\Vitis\workspace\temp_xsdb_launch_script.tcl
13:55:56 INFO  : Registering command handlers for Vitis TCF services
13:55:57 INFO  : XSCT server has started successfully.
13:55:57 INFO  : plnx-install-location is set to ''
13:55:58 INFO  : Successfully done setting XSCT server connection channel  
13:55:58 INFO  : Successfully done query RDI_DATADIR 
13:55:58 INFO  : Successfully done setting workspace for the tool. 
13:56:00 INFO  : Platform repository initialization has completed.
